<?xml version="1.0" encoding="UTF-8"?>
<testsuite name="EventPlanTest" tests="1" skipped="0" failures="0" errors="0" timestamp="2016-09-09T18:22:22" hostname="epicodus-19.local" time="0.001">
  <properties/>
  <testcase name="newEventPlan_isEventPlanConstructing_true" classname="EventPlanTest" time="0.001"/>
  <system-out><![CDATA[]]></system-out>
  <system-err><![CDATA[]]></system-err>
</testsuite>
